<?xml version="1.0" encoding="UTF-8"?>
<testsuite xmlns:xsi="http://www.w3.org/2001/XMLSchema-instance" xsi:noNamespaceSchemaLocation="https://maven.apache.org/surefire/maven-surefire-plugin/xsd/surefire-test-report.xsd" version="3.0.2" name="TestSuite" time="30.586" tests="10" errors="0" skipped="0" failures="0">
  <properties>
[...]
</properties>
  <testcase name="verifyUserCanOpenMyBookingsPage" classname="com.roomease.MyBookingsTest" time="2.104">
    <system-out><![CDATA[REGISTERING USER: mybooking1788356345236@test.com
REGISTRATION SUCCESSFUL
LOGIN SUCCESSFUL
NAVIGATED TO MY BOOKINGS
MY BOOKINGS URL VERIFIED: http://localhost:5173/my-bookings
================================
MY BOOKINGS PAGE TEST PASSED
================================
]]></system-out>
    <system-err><![CDATA[SLF4J: Failed to load class "org.slf4j.impl.StaticLoggerBinder".
SLF4J: Defaulting to no-operation (NOP) logger implementation
SLF4J: See http://www.slf4j.org/codes.html#StaticLoggerBinder for further details.
Sep 02, 2026 7:09:05 PM org.openqa.selenium.devtools.CdpVersionFinder findNearestMatch
WARNING: Unable to find CDP implementation matching 152
Sep 02, 2026 7:09:05 PM org.openqa.selenium.chromium.ChromiumDriver lambda$new$4
WARNING: Unable to find version of CDP to use for 152.0.7977.75. You may need to include a dependency on a specific version of the CDP using something similar to `org.seleniumhq.selenium:selenium-devtools-v86:4.28.1` where the version ("v86") matches the version of the chromium-based browser you're using and the version number of the artifact is the same as Selenium's.
]]></system-err>
  </testcase>
  <testcase name="verifyUserCanPrepareRoomBooking" classname="com.roomease.BookingTest" time="4.177">
    <system-out><![CDATA[REGISTERING USER: booking1788356348329@test.com
REGISTRATION SUCCESSFUL
LOGIN SUCCESSFUL
ROOM CARDS FOUND: 9
CLICKABLE ELEMENTS FOUND: 9
FIRST ROOM OPENED
ROOM DETAILS PAGE OPENED
CLICKING BOOK ROOM BUTTON
BOOKING MODAL OPENED
BOOK ROOM BUTTON CLICKED
SEARCHING FOR AVAILABLE DATES...
TRYING:2026-10-02 -> 2026-10-03
SETTING DATES:
CHECK-IN: 2026-10-02
CHECK-OUT: 2026-10-03
CONFIRM BUTTON DISPLAYED: true
CONFIRM BUTTON ENABLED: true
AVAILABLE DATES FOUND!
CHECK-IN: 2026-10-02
CHECK-OUT: 2026-10-03
AVAILABLE DATES FOUND
CONFIRM BUTTON DISPLAYED: true
CONFIRM BUTTON ENABLED: true
CONFIRM BOOKING BUTTON AVAILABLE
================================
BOOKING PREPARATION TEST PASSED
================================
]]></system-out>
    <system-err><![CDATA[Sep 02, 2026 7:09:07 PM org.openqa.selenium.devtools.CdpVersionFinder findNearestMatch
WARNING: Unable to find CDP implementation matching 152
Sep 02, 2026 7:09:07 PM org.openqa.selenium.chromium.ChromiumDriver lambda$new$4
WARNING: Unable to find version of CDP to use for 152.0.7977.75. You may need to include a dependency on a specific version of the CDP using something similar to `org.seleniumhq.selenium:selenium-devtools-v86:4.28.1` where the version ("v86") matches the version of the chromium-based browser you're using and the version number of the artifact is the same as Selenium's.
]]></system-err>
  </testcase>
  <testcase name="verifyAboutPageOpens" classname="com.roomease.HomeTest" time="0.131">
    <system-err><![CDATA[Sep 02, 2026 7:09:13 PM org.openqa.selenium.devtools.CdpVersionFinder findNearestMatch
WARNING: Unable to find CDP implementation matching 152
Sep 02, 2026 7:09:13 PM org.openqa.selenium.chromium.ChromiumDriver lambda$new$4
WARNING: Unable to find version of CDP to use for 152.0.7977.75. You may need to include a dependency on a specific version of the CDP using something similar to `org.seleniumhq.selenium:selenium-devtools-v86:4.28.1` where the version ("v86") matches the version of the chromium-based browser you're using and the version number of the artifact is the same as Selenium's.
]]></system-err>
  </testcase>
  <testcase name="verifyRoomsAreDisplayed" classname="com.roomease.HomeTest" time="0.634">
    <system-err><![CDATA[Sep 02, 2026 7:09:14 PM org.openqa.selenium.devtools.CdpVersionFinder findNearestMatch
WARNING: Unable to find CDP implementation matching 152
Sep 02, 2026 7:09:14 PM org.openqa.selenium.chromium.ChromiumDriver lambda$new$4
WARNING: Unable to find version of CDP to use for 152.0.7977.75. You may need to include a dependency on a specific version of the CDP using something similar to `org.seleniumhq.selenium:selenium-devtools-v86:4.28.1` where the version ("v86") matches the version of the chromium-based browser you're using and the version number of the artifact is the same as Selenium's.
]]></system-err>
  </testcase>
  <testcase name="verifyUserCanOpenRoomDetails" classname="com.roomease.HomeTest" time="0.673">
    <system-out><![CDATA[ROOM CARDS FOUND: 9
CLICKABLE ELEMENTS FOUND: 9
]]></system-out>
    <system-err><![CDATA[Sep 02, 2026 7:09:15 PM org.openqa.selenium.devtools.CdpVersionFinder findNearestMatch
WARNING: Unable to find CDP implementation matching 152
Sep 02, 2026 7:09:15 PM org.openqa.selenium.chromium.ChromiumDriver lambda$new$4
WARNING: Unable to find version of CDP to use for 152.0.7977.75. You may need to include a dependency on a specific version of the CDP using something similar to `org.seleniumhq.selenium:selenium-devtools-v86:4.28.1` where the version ("v86") matches the version of the chromium-based browser you're using and the version number of the artifact is the same as Selenium's.
]]></system-err>
  </testcase>
  <testcase name="verifyInvalidLogin" classname="com.roomease.LoginTest" time="1.27">
    <system-err><![CDATA[Sep 02, 2026 7:09:17 PM org.openqa.selenium.devtools.CdpVersionFinder findNearestMatch
WARNING: Unable to find CDP implementation matching 152
Sep 02, 2026 7:09:17 PM org.openqa.selenium.chromium.ChromiumDriver lambda$new$4
WARNING: Unable to find version of CDP to use for 152.0.7977.75. You may need to include a dependency on a specific version of the CDP using something similar to `org.seleniumhq.selenium:selenium-devtools-v86:4.28.1` where the version ("v86") matches the version of the chromium-based browser you're using and the version number of the artifact is the same as Selenium's.
]]></system-err>
  </testcase>
  <testcase name="verifyUserCanLogin" classname="com.roomease.LoginTest" time="1.393">
    <system-err><![CDATA[Sep 02, 2026 7:09:19 PM org.openqa.selenium.devtools.CdpVersionFinder findNearestMatch
WARNING: Unable to find CDP implementation matching 152
Sep 02, 2026 7:09:19 PM org.openqa.selenium.chromium.ChromiumDriver lambda$new$4
WARNING: Unable to find version of CDP to use for 152.0.7977.75. You may need to include a dependency on a specific version of the CDP using something similar to `org.seleniumhq.selenium:selenium-devtools-v86:4.28.1` where the version ("v86") matches the version of the chromium-based browser you're using and the version number of the artifact is the same as Selenium's.
]]></system-err>
  </testcase>
  <testcase name="verifyUserCanLogout" classname="com.roomease.LoginTest" time="7.464">
    <system-err><![CDATA[Sep 02, 2026 7:09:22 PM org.openqa.selenium.devtools.CdpVersionFinder findNearestMatch
WARNING: Unable to find CDP implementation matching 152
Sep 02, 2026 7:09:22 PM org.openqa.selenium.chromium.ChromiumDriver lambda$new$4
WARNING: Unable to find version of CDP to use for 152.0.7977.75. You may need to include a dependency on a specific version of the CDP using something similar to `org.seleniumhq.selenium:selenium-devtools-v86:4.28.1` where the version ("v86") matches the version of the chromium-based browser you're using and the version number of the artifact is the same as Selenium's.
]]></system-err>
  </testcase>
  <testcase name="verifyDuplicateRegistrationFails" classname="com.roomease.RegisterTest" time="1.441">
    <system-err><![CDATA[Sep 02, 2026 7:09:30 PM org.openqa.selenium.devtools.CdpVersionFinder findNearestMatch
WARNING: Unable to find CDP implementation matching 152
Sep 02, 2026 7:09:30 PM org.openqa.selenium.chromium.ChromiumDriver lambda$new$4
WARNING: Unable to find version of CDP to use for 152.0.7977.75. You may need to include a dependency on a specific version of the CDP using something similar to `org.seleniumhq.selenium:selenium-devtools-v86:4.28.1` where the version ("v86") matches the version of the chromium-based browser you're using and the version number of the artifact is the same as Selenium's.
]]></system-err>
  </testcase>
  <testcase name="verifyUserCanRegister" classname="com.roomease.RegisterTest" time="0.768">
    <system-err><![CDATA[Sep 02, 2026 7:09:32 PM org.openqa.selenium.devtools.CdpVersionFinder findNearestMatch
WARNING: Unable to find CDP implementation matching 152
Sep 02, 2026 7:09:32 PM org.openqa.selenium.chromium.ChromiumDriver lambda$new$4
WARNING: Unable to find version of CDP to use for 152.0.7977.75. You may need to include a dependency on a specific version of the CDP using something similar to `org.seleniumhq.selenium:selenium-devtools-v86:4.28.1` where the version ("v86") matches the version of the chromium-based browser you're using and the version number of the artifact is the same as Selenium's.
]]></system-err>
  </testcase>
</testsuite>