<?xml version="1.0" encoding="UTF-8"?>
<testng-results ignored="0" total="10" passed="10" failed="0" skipped="0">
  <reporter-output>
  </reporter-output>
  <suite started-at="2026-09-02T19:09:03 IST" name="Surefire suite" finished-at="2026-09-02T19:09:34 IST" duration-ms="30410">
    <groups>
    </groups>
    <test started-at="2026-09-02T19:09:03 IST" name="Surefire test" finished-at="2026-09-02T19:09:34 IST" duration-ms="30410">
      <class name="com.roomease.RegisterTest">
        <test-method is-config="true" signature="setUp()[pri:0, instance:com.roomease.RegisterTest@770c2e6b]" started-at="2026-09-02T19:09:30 IST" name="setUp" finished-at="2026-09-02T19:09:30 IST" duration-ms="892" status="PASS">
          <reporter-output>
          </reporter-output>
        </test-method> <!-- setUp -->
        <test-method signature="verifyDuplicateRegistrationFails()[pri:0, instance:com.roomease.RegisterTest@770c2e6b]" started-at="2026-09-02T19:09:30 IST" name="verifyDuplicateRegistrationFails" finished-at="2026-09-02T19:09:32 IST" duration-ms="1440" status="PASS">
          <reporter-output>
          </reporter-output>
        </test-method> <!-- verifyDuplicateRegistrationFails -->
        <test-method is-config="true" signature="tearDown()[pri:0, instance:com.roomease.RegisterTest@770c2e6b]" started-at="2026-09-02T19:09:32 IST" name="tearDown" finished-at="2026-09-02T19:09:32 IST" duration-ms="83" status="PASS">
          <reporter-output>
          </reporter-output>
        </test-method> <!-- tearDown -->
        <test-method is-config="true" signature="setUp()[pri:0, instance:com.roomease.RegisterTest@770c2e6b]" started-at="2026-09-02T19:09:32 IST" name="setUp" finished-at="2026-09-02T19:09:33 IST" duration-ms="875" status="PASS">
          <reporter-output>
          </reporter-output>
        </test-method> <!-- setUp -->
        <test-method signature="verifyUserCanRegister()[pri:0, instance:com.roomease.RegisterTest@770c2e6b]" started-at="2026-09-02T19:09:33 IST" name="verifyUserCanRegister" finished-at="2026-09-02T19:09:34 IST" duration-ms="768" status="PASS">
          <reporter-output>
          </reporter-output>
        </test-method> <!-- verifyUserCanRegister -->
        <test-method is-config="true" signature="tearDown()[pri:0, instance:com.roomease.RegisterTest@770c2e6b]" started-at="2026-09-02T19:09:34 IST" name="tearDown" finished-at="2026-09-02T19:09:34 IST" duration-ms="86" status="PASS">
          <reporter-output>
          </reporter-output>
        </test-method> <!-- tearDown -->
      </class> <!-- com.roomease.RegisterTest -->
      <class name="com.roomease.LoginTest">
        <test-method is-config="true" signature="setUp()[pri:0, instance:com.roomease.LoginTest@7bb58ca3]" started-at="2026-09-02T19:09:16 IST" name="setUp" finished-at="2026-09-02T19:09:17 IST" duration-ms="890" status="PASS">
          <reporter-output>
          </reporter-output>
        </test-method> <!-- setUp -->
        <test-method signature="verifyInvalidLogin()[pri:0, instance:com.roomease.LoginTest@7bb58ca3]" started-at="2026-09-02T19:09:17 IST" name="verifyInvalidLogin" finished-at="2026-09-02T19:09:19 IST" duration-ms="1270" status="PASS">
          <reporter-output>
          </reporter-output>
        </test-method> <!-- verifyInvalidLogin -->
        <test-method is-config="true" signature="tearDown()[pri:0, instance:com.roomease.LoginTest@7bb58ca3]" started-at="2026-09-02T19:09:19 IST" name="tearDown" finished-at="2026-09-02T19:09:19 IST" duration-ms="88" status="PASS">
          <reporter-output>
          </reporter-output>
        </test-method> <!-- tearDown -->
        <test-method is-config="true" signature="setUp()[pri:0, instance:com.roomease.LoginTest@7bb58ca3]" started-at="2026-09-02T19:09:19 IST" name="setUp" finished-at="2026-09-02T19:09:20 IST" duration-ms="888" status="PASS">
          <reporter-output>
          </reporter-output>
        </test-method> <!-- setUp -->
        <test-method signature="verifyUserCanLogin()[pri:0, instance:com.roomease.LoginTest@7bb58ca3]" started-at="2026-09-02T19:09:20 IST" name="verifyUserCanLogin" finished-at="2026-09-02T19:09:21 IST" duration-ms="1393" status="PASS">
          <reporter-output>
          </reporter-output>
        </test-method> <!-- verifyUserCanLogin -->
        <test-method is-config="true" signature="tearDown()[pri:0, instance:com.roomease.LoginTest@7bb58ca3]" started-at="2026-09-02T19:09:21 IST" name="tearDown" finished-at="2026-09-02T19:09:21 IST" duration-ms="89" status="PASS">
          <reporter-output>
          </reporter-output>
        </test-method> <!-- tearDown -->
        <test-method is-config="true" signature="setUp()[pri:0, instance:com.roomease.LoginTest@7bb58ca3]" started-at="2026-09-02T19:09:21 IST" name="setUp" finished-at="2026-09-02T19:09:22 IST" duration-ms="884" status="PASS">
          <reporter-output>
          </reporter-output>
        </test-method> <!-- setUp -->
        <test-method signature="verifyUserCanLogout()[pri:0, instance:com.roomease.LoginTest@7bb58ca3]" started-at="2026-09-02T19:09:22 IST" name="verifyUserCanLogout" finished-at="2026-09-02T19:09:29 IST" duration-ms="7464" status="PASS">
          <reporter-output>
          </reporter-output>
        </test-method> <!-- verifyUserCanLogout -->
        <test-method is-config="true" signature="tearDown()[pri:0, instance:com.roomease.LoginTest@7bb58ca3]" started-at="2026-09-02T19:09:29 IST" name="tearDown" finished-at="2026-09-02T19:09:30 IST" duration-ms="92" status="PASS">
          <reporter-output>
          </reporter-output>
        </test-method> <!-- tearDown -->
      </class> <!-- com.roomease.LoginTest -->
      <class name="com.roomease.HomeTest">
        <test-method is-config="true" signature="setUp()[pri:0, instance:com.roomease.HomeTest@57175e74]" started-at="2026-09-02T19:09:12 IST" name="setUp" finished-at="2026-09-02T19:09:13 IST" duration-ms="893" status="PASS">
          <reporter-output>
          </reporter-output>
        </test-method> <!-- setUp -->
        <test-method signature="verifyAboutPageOpens()[pri:0, instance:com.roomease.HomeTest@57175e74]" started-at="2026-09-02T19:09:13 IST" name="verifyAboutPageOpens" finished-at="2026-09-02T19:09:13 IST" duration-ms="131" status="PASS">
          <reporter-output>
          </reporter-output>
        </test-method> <!-- verifyAboutPageOpens -->
        <test-method is-config="true" signature="tearDown()[pri:0, instance:com.roomease.HomeTest@57175e74]" started-at="2026-09-02T19:09:13 IST" name="tearDown" finished-at="2026-09-02T19:09:13 IST" duration-ms="87" status="PASS">
          <reporter-output>
          </reporter-output>
        </test-method> <!-- tearDown -->
        <test-method is-config="true" signature="setUp()[pri:0, instance:com.roomease.HomeTest@57175e74]" started-at="2026-09-02T19:09:13 IST" name="setUp" finished-at="2026-09-02T19:09:14 IST" duration-ms="880" status="PASS">
          <reporter-output>
          </reporter-output>
        </test-method> <!-- setUp -->
        <test-method signature="verifyRoomsAreDisplayed()[pri:0, instance:com.roomease.HomeTest@57175e74]" started-at="2026-09-02T19:09:14 IST" name="verifyRoomsAreDisplayed" finished-at="2026-09-02T19:09:15 IST" duration-ms="634" status="PASS">
          <reporter-output>
          </reporter-output>
        </test-method> <!-- verifyRoomsAreDisplayed -->
        <test-method is-config="true" signature="tearDown()[pri:0, instance:com.roomease.HomeTest@57175e74]" started-at="2026-09-02T19:09:15 IST" name="tearDown" finished-at="2026-09-02T19:09:15 IST" duration-ms="88" status="PASS">
          <reporter-output>
          </reporter-output>
        </test-method> <!-- tearDown -->
        <test-method is-config="true" signature="setUp()[pri:0, instance:com.roomease.HomeTest@57175e74]" started-at="2026-09-02T19:09:15 IST" name="setUp" finished-at="2026-09-02T19:09:16 IST" duration-ms="893" status="PASS">
          <reporter-output>
          </reporter-output>
        </test-method> <!-- setUp -->
        <test-method signature="verifyUserCanOpenRoomDetails()[pri:0, instance:com.roomease.HomeTest@57175e74]" started-at="2026-09-02T19:09:16 IST" name="verifyUserCanOpenRoomDetails" finished-at="2026-09-02T19:09:16 IST" duration-ms="672" status="PASS">
          <reporter-output>
          </reporter-output>
        </test-method> <!-- verifyUserCanOpenRoomDetails -->
        <test-method is-config="true" signature="tearDown()[pri:0, instance:com.roomease.HomeTest@57175e74]" started-at="2026-09-02T19:09:16 IST" name="tearDown" finished-at="2026-09-02T19:09:16 IST" duration-ms="89" status="PASS">
          <reporter-output>
          </reporter-output>
        </test-method> <!-- tearDown -->
      </class> <!-- com.roomease.HomeTest -->
      <class name="com.roomease.MyBookingsTest">
        <test-method is-config="true" signature="setUp()[pri:0, instance:com.roomease.MyBookingsTest@646be2c3]" started-at="2026-09-02T19:09:03 IST" name="setUp" finished-at="2026-09-02T19:09:05 IST" duration-ms="1449" status="PASS">
          <reporter-output>
          </reporter-output>
        </test-method> <!-- setUp -->
        <test-method signature="verifyUserCanOpenMyBookingsPage()[pri:0, instance:com.roomease.MyBookingsTest@646be2c3]" started-at="2026-09-02T19:09:05 IST" name="verifyUserCanOpenMyBookingsPage" finished-at="2026-09-02T19:09:07 IST" duration-ms="2104" status="PASS">
          <reporter-output>
          </reporter-output>
        </test-method> <!-- verifyUserCanOpenMyBookingsPage -->
        <test-method is-config="true" signature="tearDown()[pri:0, instance:com.roomease.MyBookingsTest@646be2c3]" started-at="2026-09-02T19:09:07 IST" name="tearDown" finished-at="2026-09-02T19:09:07 IST" duration-ms="92" status="PASS">
          <reporter-output>
          </reporter-output>
        </test-method> <!-- tearDown -->
      </class> <!-- com.roomease.MyBookingsTest -->
      <class name="com.roomease.BookingTest">
        <test-method is-config="true" signature="setUp()[pri:0, instance:com.roomease.BookingTest@29ba4338]" started-at="2026-09-02T19:09:07 IST" name="setUp" finished-at="2026-09-02T19:09:08 IST" duration-ms="895" status="PASS">
          <reporter-output>
          </reporter-output>
        </test-method> <!-- setUp -->
        <test-method signature="verifyUserCanPrepareRoomBooking()[pri:0, instance:com.roomease.BookingTest@29ba4338]" started-at="2026-09-02T19:09:08 IST" name="verifyUserCanPrepareRoomBooking" finished-at="2026-09-02T19:09:12 IST" duration-ms="4176" status="PASS">
          <reporter-output>
          </reporter-output>
        </test-method> <!-- verifyUserCanPrepareRoomBooking -->
        <test-method is-config="true" signature="tearDown()[pri:0, instance:com.roomease.BookingTest@29ba4338]" started-at="2026-09-02T19:09:12 IST" name="tearDown" finished-at="2026-09-02T19:09:12 IST" duration-ms="96" status="PASS">
          <reporter-output>
          </reporter-output>
        </test-method> <!-- tearDown -->
      </class> <!-- com.roomease.BookingTest -->
    </test> <!-- Surefire test -->
  </suite> <!-- Surefire suite -->
</testng-results>
