<?xml version="1.0" encoding="UTF-8"?>
<!-- Generated by org.testng.reporters.JUnitReportReporter -->
<testsuite hostname="Tilaks-MacBook-Pro.local" failures="0" tests="3" name="com.roomease.LoginTest" time="13.058" errors="0" timestamp="2026-09-02T19:09:34 IST" skipped="0">
  <testcase classname="com.roomease.LoginTest" name="verifyUserCanLogin" time="2.369"/>
  <testcase classname="com.roomease.LoginTest" name="verifyInvalidLogin" time="2.252"/>
  <testcase classname="com.roomease.LoginTest" name="verifyUserCanLogout" time="8.437"/>
</testsuite> <!-- com.roomease.LoginTest -->
