<?xml version="1.0" encoding="UTF-8"?>
<!-- Generated by org.testng.reporters.JUnitReportReporter -->
<testsuite hostname="Tilaks-MacBook-Pro.local" failures="0" tests="2" name="com.roomease.RegisterTest" time="4.144" errors="0" timestamp="2026-09-02T19:09:34 IST" skipped="0">
  <testcase classname="com.roomease.RegisterTest" name="verifyUserCanRegister" time="1.743"/>
  <testcase classname="com.roomease.RegisterTest" name="verifyDuplicateRegistrationFails" time="2.401"/>
</testsuite> <!-- com.roomease.RegisterTest -->
