<?xml version="1.0" encoding="UTF-8"?>
<!-- Generated by org.testng.reporters.JUnitReportReporter -->
<testsuite hostname="Tilaks-MacBook-Pro.local" failures="0" tests="3" name="com.roomease.HomeTest" time="4.367" errors="0" timestamp="2026-09-02T19:09:34 IST" skipped="0">
  <testcase classname="com.roomease.HomeTest" name="verifyAboutPageOpens" time="1.099"/>
  <testcase classname="com.roomease.HomeTest" name="verifyRoomsAreDisplayed" time="1.614"/>
  <testcase classname="com.roomease.HomeTest" name="verifyUserCanOpenRoomDetails" time="1.654"/>
</testsuite> <!-- com.roomease.HomeTest -->
