<?xml version="1.0" encoding="UTF-8"?>
<!-- Generated by org.testng.reporters.JUnitXMLReporter -->
<testsuite ignored="0" hostname="Tilaks-MacBook-Pro.local" failures="0" tests="10" name="Surefire test" time="30.41" errors="0" timestamp="2026-09-02T19:09:34 IST">
  <testcase classname="com.roomease.MyBookingsTest" name="verifyUserCanOpenMyBookingsPage" time="2.104"/>
  <testcase classname="com.roomease.BookingTest" name="verifyUserCanPrepareRoomBooking" time="4.176"/>
  <testcase classname="com.roomease.HomeTest" name="verifyAboutPageOpens" time="0.131"/>
  <testcase classname="com.roomease.HomeTest" name="verifyRoomsAreDisplayed" time="0.634"/>
  <testcase classname="com.roomease.HomeTest" name="verifyUserCanOpenRoomDetails" time="0.672"/>
  <testcase classname="com.roomease.LoginTest" name="verifyInvalidLogin" time="1.27"/>
  <testcase classname="com.roomease.LoginTest" name="verifyUserCanLogin" time="1.393"/>
  <testcase classname="com.roomease.LoginTest" name="verifyUserCanLogout" time="7.464"/>
  <testcase classname="com.roomease.RegisterTest" name="verifyDuplicateRegistrationFails" time="1.44"/>
  <testcase classname="com.roomease.RegisterTest" name="verifyUserCanRegister" time="0.768"/>
</testsuite> <!-- Surefire test -->
